2021-04-02 12:44:07 INFO  DBInMemory:33 - Entering the createBook method
2021-04-02 12:44:07 INFO  DBInMemory:39 - Exiting the createBook method
2021-04-02 12:44:07 INFO  DBInMemory:43 - Entering the createAuthor method
2021-04-02 12:44:07 INFO  DBInMemory:49 - Exiting the createAuthor method
2021-04-02 12:44:07 INFO  DBInMemory:33 - Entering the createBook method
2021-04-02 12:44:07 INFO  DBInMemory:39 - Exiting the createBook method
2021-04-02 12:44:07 INFO  DBInMemory:43 - Entering the createAuthor method
2021-04-02 12:44:07 INFO  DBInMemory:49 - Exiting the createAuthor method
2021-04-02 12:44:07 INFO  DBInMemory:33 - Entering the createBook method
2021-04-02 12:44:07 INFO  DBInMemory:39 - Exiting the createBook method
2021-04-02 12:44:07 INFO  DBInMemory:43 - Entering the createAuthor method
2021-04-02 12:44:07 INFO  DBInMemory:49 - Exiting the createAuthor method
2021-04-02 12:44:07 INFO  DBInMemory:33 - Entering the createBook method
2021-04-02 12:44:07 INFO  DBInMemory:39 - Exiting the createBook method
2021-04-02 12:44:07 INFO  DBInMemory:43 - Entering the createAuthor method
2021-04-02 12:44:07 INFO  DBInMemory:49 - Exiting the createAuthor method
2021-04-02 12:44:07 INFO  DBInMemory:33 - Entering the createBook method
2021-04-02 12:44:07 INFO  DBInMemory:39 - Exiting the createBook method
2021-04-02 12:44:07 INFO  DBInMemory:43 - Entering the createAuthor method
2021-04-02 12:44:07 INFO  DBInMemory:49 - Exiting the createAuthor method
2021-04-02 12:44:07 INFO  DBInMemory:33 - Entering the createBook method
2021-04-02 12:44:07 INFO  DBInMemory:39 - Exiting the createBook method
2021-04-02 12:44:07 INFO  DBInMemory:43 - Entering the createAuthor method
2021-04-02 12:44:07 INFO  DBInMemory:49 - Exiting the createAuthor method
2021-04-02 12:44:07 INFO  DBInMemory:33 - Entering the createBook method
2021-04-02 12:44:07 INFO  DBInMemory:39 - Exiting the createBook method
2021-04-02 12:44:07 INFO  DBInMemory:43 - Entering the createAuthor method
2021-04-02 12:44:07 INFO  DBInMemory:49 - Exiting the createAuthor method
2021-04-02 12:44:07 INFO  DBInMemory:33 - Entering the createBook method
2021-04-02 12:44:07 INFO  DBInMemory:39 - Exiting the createBook method
2021-04-02 12:44:07 INFO  DBInMemory:43 - Entering the createAuthor method
2021-04-02 12:44:07 INFO  DBInMemory:49 - Exiting the createAuthor method
2021-04-02 12:44:07 INFO  DBInMemory:33 - Entering the createBook method
2021-04-02 12:44:07 INFO  DBInMemory:39 - Exiting the createBook method
2021-04-02 12:44:07 INFO  DBInMemory:43 - Entering the createAuthor method
2021-04-02 12:44:07 INFO  DBInMemory:49 - Exiting the createAuthor method
2021-04-02 12:44:07 INFO  DBInMemory:33 - Entering the createBook method
2021-04-02 12:44:07 INFO  DBInMemory:39 - Exiting the createBook method
2021-04-02 12:44:07 INFO  DBInMemory:43 - Entering the createAuthor method
2021-04-02 12:44:07 INFO  DBInMemory:49 - Exiting the createAuthor method
2021-04-02 12:44:07 INFO  DBInMemory:53 - Executing the readAllBooks method
2021-04-02 12:44:07 INFO  DBInMemory:59 - Executing the readAllAuthors method
2021-04-02 12:44:07 INFO  DBInMemory:53 - Executing the readAllBooks method
2021-04-02 12:44:07 INFO  DBInMemory:33 - Entering the createBook method
2021-04-02 12:44:07 INFO  DBInMemory:39 - Exiting the createBook method
2021-04-02 12:44:07 INFO  DBInMemory:53 - Executing the readAllBooks method
2021-04-02 12:44:07 INFO  DBInMemory:65 - Executing the readBook method
2021-04-02 12:44:07 INFO  DBInMemory:65 - Executing the readBook method
2021-04-02 12:44:07 INFO  DBInMemory:53 - Executing the readAllBooks method
2021-04-02 12:44:07 INFO  DBInMemory:65 - Executing the readBook method
2021-04-02 12:44:07 INFO  DBInMemory:65 - Executing the readBook method
2021-04-02 12:44:07 INFO  DBInMemory:65 - Executing the readBook method
2021-04-02 12:44:07 INFO  DBInMemory:99 - Entering the updateBook method
2021-04-02 12:44:07 INFO  DBInMemory:65 - Executing the readBook method
2021-04-02 12:44:07 INFO  DBInMemory:106 - Exiting the updateBook method
2021-04-02 12:44:07 INFO  DBInMemory:53 - Executing the readAllBooks method
2021-04-02 12:44:07 INFO  DBInMemory:65 - Executing the readBook method
2021-04-02 12:44:07 INFO  DBInMemory:122 - Entering the deleteBook method
2021-04-02 12:44:07 INFO  DBInMemory:126 - Exiting the deleteBook method
2021-04-02 12:44:07 INFO  DBInMemory:53 - Executing the readAllBooks method
2021-04-02 12:44:07 INFO  DBInMemory:59 - Executing the readAllAuthors method
2021-04-02 12:44:07 INFO  DBInMemory:43 - Entering the createAuthor method
2021-04-02 12:44:07 INFO  DBInMemory:49 - Exiting the createAuthor method
2021-04-02 12:44:07 INFO  DBInMemory:59 - Executing the readAllAuthors method
2021-04-02 12:44:07 INFO  DBInMemory:76 - Executing the readAuthor method
2021-04-02 12:44:07 INFO  DBInMemory:76 - Executing the readAuthor method
2021-04-02 12:44:07 INFO  DBInMemory:59 - Executing the readAllAuthors method
2021-04-02 12:44:07 INFO  DBInMemory:76 - Executing the readAuthor method
2021-04-02 12:44:07 INFO  DBInMemory:76 - Executing the readAuthor method
2021-04-02 12:44:07 INFO  DBInMemory:76 - Executing the readAuthor method
2021-04-02 12:44:07 INFO  DBInMemory:110 - Entering the updateBook method
2021-04-02 12:44:07 INFO  DBInMemory:76 - Executing the readAuthor method
2021-04-02 12:44:07 INFO  DBInMemory:118 - Entering the updateAuthor method
2021-04-02 12:44:07 INFO  DBInMemory:59 - Executing the readAllAuthors method
2021-04-02 12:44:07 INFO  DBInMemory:76 - Executing the readAuthor method
2021-04-02 12:44:07 INFO  DBInMemory:130 - Entering the deleteAuthor method
2021-04-02 12:44:07 INFO  DBInMemory:134 - Exiting the deleteAuthor method
2021-04-02 12:44:07 INFO  DBInMemory:59 - Executing the readAllAuthors method
2021-04-02 13:30:54 INFO  DBInMemory:33 - Entering the createBook method
2021-04-02 13:30:54 INFO  DBInMemory:39 - Exiting the createBook method
2021-04-02 13:30:54 INFO  DBInMemory:43 - Entering the createAuthor method
2021-04-02 13:30:54 INFO  DBInMemory:49 - Exiting the createAuthor method
2021-04-02 13:30:54 INFO  DBInMemory:33 - Entering the createBook method
2021-04-02 13:30:54 INFO  DBInMemory:39 - Exiting the createBook method
2021-04-02 13:30:54 INFO  DBInMemory:43 - Entering the createAuthor method
2021-04-02 13:30:54 INFO  DBInMemory:49 - Exiting the createAuthor method
2021-04-02 13:30:54 INFO  DBInMemory:33 - Entering the createBook method
2021-04-02 13:30:54 INFO  DBInMemory:39 - Exiting the createBook method
2021-04-02 13:30:54 INFO  DBInMemory:43 - Entering the createAuthor method
2021-04-02 13:30:54 INFO  DBInMemory:49 - Exiting the createAuthor method
2021-04-02 13:30:54 INFO  DBInMemory:33 - Entering the createBook method
2021-04-02 13:30:54 INFO  DBInMemory:39 - Exiting the createBook method
2021-04-02 13:30:54 INFO  DBInMemory:43 - Entering the createAuthor method
2021-04-02 13:30:54 INFO  DBInMemory:49 - Exiting the createAuthor method
2021-04-02 13:30:54 INFO  DBInMemory:33 - Entering the createBook method
2021-04-02 13:30:54 INFO  DBInMemory:39 - Exiting the createBook method
2021-04-02 13:30:54 INFO  DBInMemory:43 - Entering the createAuthor method
2021-04-02 13:30:54 INFO  DBInMemory:49 - Exiting the createAuthor method
2021-04-02 13:30:54 INFO  DBInMemory:33 - Entering the createBook method
2021-04-02 13:30:54 INFO  DBInMemory:39 - Exiting the createBook method
2021-04-02 13:30:54 INFO  DBInMemory:43 - Entering the createAuthor method
2021-04-02 13:30:54 INFO  DBInMemory:49 - Exiting the createAuthor method
2021-04-02 13:30:54 INFO  DBInMemory:33 - Entering the createBook method
2021-04-02 13:30:54 INFO  DBInMemory:39 - Exiting the createBook method
2021-04-02 13:30:54 INFO  DBInMemory:43 - Entering the createAuthor method
2021-04-02 13:30:54 INFO  DBInMemory:49 - Exiting the createAuthor method
2021-04-02 13:30:54 INFO  DBInMemory:33 - Entering the createBook method
2021-04-02 13:30:54 INFO  DBInMemory:39 - Exiting the createBook method
2021-04-02 13:30:54 INFO  DBInMemory:43 - Entering the createAuthor method
2021-04-02 13:30:54 INFO  DBInMemory:49 - Exiting the createAuthor method
2021-04-02 13:30:54 INFO  DBInMemory:33 - Entering the createBook method
2021-04-02 13:30:54 INFO  DBInMemory:39 - Exiting the createBook method
2021-04-02 13:30:54 INFO  DBInMemory:43 - Entering the createAuthor method
2021-04-02 13:30:54 INFO  DBInMemory:49 - Exiting the createAuthor method
2021-04-02 13:30:54 INFO  DBInMemory:33 - Entering the createBook method
2021-04-02 13:30:54 INFO  DBInMemory:39 - Exiting the createBook method
2021-04-02 13:30:54 INFO  DBInMemory:43 - Entering the createAuthor method
2021-04-02 13:30:54 INFO  DBInMemory:49 - Exiting the createAuthor method
2021-04-02 13:30:54 INFO  DBInMemory:53 - Executing the readAllBooks method
2021-04-02 13:30:54 INFO  DBInMemory:59 - Executing the readAllAuthors method
2021-04-02 13:30:54 INFO  DBInMemory:53 - Executing the readAllBooks method
2021-04-02 13:30:54 INFO  DBInMemory:33 - Entering the createBook method
2021-04-02 13:30:54 INFO  DBInMemory:39 - Exiting the createBook method
2021-04-02 13:30:54 INFO  DBInMemory:53 - Executing the readAllBooks method
2021-04-02 13:30:54 INFO  DBInMemory:65 - Executing the readBook method
2021-04-02 13:30:54 INFO  DBInMemory:65 - Executing the readBook method
2021-04-02 13:30:54 INFO  DBInMemory:53 - Executing the readAllBooks method
2021-04-02 13:30:54 INFO  DBInMemory:65 - Executing the readBook method
2021-04-02 13:30:54 INFO  DBInMemory:65 - Executing the readBook method
2021-04-02 13:30:54 INFO  DBInMemory:65 - Executing the readBook method
2021-04-02 13:30:54 INFO  DBInMemory:99 - Entering the updateBook method
2021-04-02 13:30:54 INFO  DBInMemory:65 - Executing the readBook method
2021-04-02 13:30:54 INFO  DBInMemory:106 - Exiting the updateBook method
2021-04-02 13:30:54 INFO  DBInMemory:53 - Executing the readAllBooks method
2021-04-02 13:30:54 INFO  DBInMemory:65 - Executing the readBook method
2021-04-02 13:30:54 INFO  DBInMemory:122 - Entering the deleteBook method
2021-04-02 13:30:54 INFO  DBInMemory:126 - Exiting the deleteBook method
2021-04-02 13:30:54 INFO  DBInMemory:53 - Executing the readAllBooks method
2021-04-02 13:30:54 INFO  DBInMemory:59 - Executing the readAllAuthors method
2021-04-02 13:30:54 INFO  DBInMemory:43 - Entering the createAuthor method
2021-04-02 13:30:54 INFO  DBInMemory:49 - Exiting the createAuthor method
2021-04-02 13:30:54 INFO  DBInMemory:59 - Executing the readAllAuthors method
2021-04-02 13:30:54 INFO  DBInMemory:76 - Executing the readAuthor method
2021-04-02 13:30:54 INFO  DBInMemory:76 - Executing the readAuthor method
2021-04-02 13:30:54 INFO  DBInMemory:59 - Executing the readAllAuthors method
2021-04-02 13:30:54 INFO  DBInMemory:76 - Executing the readAuthor method
2021-04-02 13:30:54 INFO  DBInMemory:76 - Executing the readAuthor method
2021-04-02 13:30:54 INFO  DBInMemory:76 - Executing the readAuthor method
2021-04-02 13:30:54 INFO  DBInMemory:110 - Entering the updateBook method
2021-04-02 13:30:54 INFO  DBInMemory:76 - Executing the readAuthor method
2021-04-02 13:30:54 INFO  DBInMemory:118 - Entering the updateAuthor method
2021-04-02 13:30:54 INFO  DBInMemory:59 - Executing the readAllAuthors method
2021-04-02 13:30:54 INFO  DBInMemory:76 - Executing the readAuthor method
2021-04-02 13:30:54 INFO  DBInMemory:130 - Entering the deleteAuthor method
2021-04-02 13:30:54 INFO  DBInMemory:134 - Exiting the deleteAuthor method
2021-04-02 13:30:54 INFO  DBInMemory:59 - Executing the readAllAuthors method
